[23:24:05] [ServerMain/INFO]: [bootstrap] Running Java 21 (Java HotSpot(TM) 64-Bit Server VM 21.0.7+8-LTS-245; Oracle Corporation null) on Windows 11 10.0 (amd64)
[23:24:05] [ServerMain/INFO]: [bootstrap] Loading Paper 1.21-130-master@b1b5d4c (2024-08-10T10:02:42Z) for Minecraft 1.21
[23:24:05] [ServerMain/INFO]: [PluginInitializerManager] Initializing plugins...
[23:24:06] [Paper Plugin Remapper Thread - 2/INFO]: [PluginRemapper] Remapping plugin 'C:\Users\LightShoro\IdeaProjects\lgmc\build\libs\lgmc-1.0-SNAPSHOT.jar'...
[23:24:06] [Paper Plugin Remapper Thread - 2/INFO]: [PluginRemapper] Done remapping plugin 'C:\Users\LightShoro\IdeaProjects\lgmc\build\libs\lgmc-1.0-SNAPSHOT.jar' in 458ms.
[23:24:06] [ServerMain/INFO]: [PluginInitializerManager] Initialized 1 plugin
[23:24:06] [ServerMain/INFO]: [PluginInitializerManager] Bukkit plugins (1):
 - lgmc (1.0-SNAPSHOT)
[23:24:10] [ServerMain/INFO]: Environment: Environment[sessionHost=https://sessionserver.mojang.com, servicesHost=https://api.minecraftservices.com, name=PROD]
[23:24:11] [ServerMain/INFO]: Loaded 1290 recipes
[23:24:11] [ServerMain/INFO]: Loaded 1399 advancements
[23:24:11] [Server thread/INFO]: Starting minecraft server version 1.21
[23:24:11] [Server thread/INFO]: Loading properties
[23:24:12] [Server thread/INFO]: This server is running Paper version 1.21-130-master@b1b5d4c (2024-08-10T10:02:42Z) (Implementing API version 1.21-R0.1-SNAPSHOT)
[23:24:12] [Server thread/INFO]: [spark] This server bundles the spark profiler. For more information please visit https://docs.papermc.io/paper/profiling
[23:24:12] [Server thread/INFO]: Server Ping Player Sample Count: 12
[23:24:12] [Server thread/INFO]: Using 4 threads for Netty based IO
[23:24:13] [Server thread/ERROR]: [Configurations] Loading a newer configuration than is supported (31 > 29)! You may have to backup & delete your global config file to start the server.
[23:24:13] [Server thread/INFO]: [ChunkTaskScheduler] Chunk system is using 1 I/O threads, 3 worker threads, and population gen parallelism of 3 threads
[23:24:13] [Server thread/INFO]: Default game type: SURVIVAL
[23:24:13] [Server thread/INFO]: Generating keypair
[23:24:13] [Server thread/INFO]: Starting Minecraft server on *:25565
[23:24:13] [Server thread/INFO]: Using default channel type
[23:24:13] [Server thread/INFO]: Paper: Using Java compression from Velocity.
[23:24:13] [Server thread/INFO]: Paper: Using Java cipher from Velocity.
[23:24:13] [Server thread/INFO]: [lgmc] Loading server plugin lgmc v1.0-SNAPSHOT
[23:24:13] [Server thread/INFO]: Server permissions file permissions.yml is empty, ignoring it
[23:24:13] [Server thread/INFO]: Preparing level "world"
[23:24:13] [Server thread/INFO]: Preparing start region for dimension minecraft:overworld
[23:24:14] [Server thread/INFO]: Time elapsed: 335 ms
[23:24:14] [Server thread/INFO]: Preparing start region for dimension minecraft:the_nether
[23:24:14] [Server thread/INFO]: Time elapsed: 586 ms
[23:24:14] [Server thread/INFO]: Preparing start region for dimension minecraft:the_end
[23:24:14] [Server thread/INFO]: Time elapsed: 49 ms
[23:24:14] [Server thread/INFO]: [lgmc] Enabling lgmc v1.0-SNAPSHOT
[23:24:15] [Server thread/INFO]: [lgmc] ╔════════════════════════════════════════╗
[23:24:15] [Server thread/INFO]: [lgmc] ║   Lgmc Plugin - Loup-Garou Minecraft   ║
[23:24:15] [Server thread/INFO]: [lgmc] ║          Plugin activé avec succès     ║
[23:24:15] [Server thread/INFO]: [lgmc] ╚════════════════════════════════════════╝
[23:24:15] [Server thread/INFO]: [spark] Starting background profiler...
[23:24:15] [Server thread/INFO]: [spark] The async-profiler engine is not supported for your os/arch (windows11/amd64), so the built-in Java engine will be used instead.
[23:24:15] [Server thread/INFO]: Done preparing level "world" (1.482s)
[23:24:15] [Server thread/INFO]: Running delayed init tasks
[23:24:15] [Server thread/INFO]: Done (10.856s)! For help, type "help"
[23:24:15] [Server thread/INFO]: Timings Reset
[23:24:17] [Server thread/INFO]: Stopping the server
[23:24:17] [Server thread/INFO]: Stopping server
[23:24:17] [Server thread/INFO]: [lgmc] Disabling lgmc v1.0-SNAPSHOT
[23:24:17] [Server thread/INFO]: [lgmc] ╔════════════════════════════════════════╗
[23:24:17] [Server thread/INFO]: [lgmc] ║   Lgmc Plugin - Loup-Garou Minecraft   ║
[23:24:17] [Server thread/INFO]: [lgmc] ║         Plugin désactivé proprement    ║
[23:24:17] [Server thread/INFO]: [lgmc] ╚════════════════════════════════════════╝
[23:24:17] [Server thread/INFO]: Saving players
[23:24:17] [Server thread/INFO]: Saving worlds
[23:24:17] [Server thread/INFO]: Saving chunks for level 'ServerLevel[world]'/minecraft:overworld
[23:24:17] [Server thread/INFO]: [ChunkHolderManager] Waiting 60s for chunk system to halt for world 'world'
[23:24:17] [Server thread/INFO]: [ChunkHolderManager] Halted chunk system for world 'world'
[23:24:17] [Server thread/INFO]: [ChunkHolderManager] Saving all chunkholders for world 'world'
[23:24:17] [Server thread/INFO]: [ChunkHolderManager] Saved 49 block chunks, 49 entity chunks, 0 poi chunks in world 'world' in 0,11s
[23:24:18] [Server thread/INFO]: Saving chunks for level 'ServerLevel[world_nether]'/minecraft:the_nether
[23:24:18] [Server thread/INFO]: [ChunkHolderManager] Waiting 60s for chunk system to halt for world 'world_nether'
[23:24:18] [Server thread/INFO]: [ChunkHolderManager] Halted chunk system for world 'world_nether'
[23:24:18] [Server thread/INFO]: [ChunkHolderManager] Saving all chunkholders for world 'world_nether'
[23:24:18] [Server thread/INFO]: [ChunkHolderManager] Saved 49 block chunks, 49 entity chunks, 0 poi chunks in world 'world_nether' in 0,08s
[23:24:18] [Server thread/INFO]: Saving chunks for level 'ServerLevel[world_the_end]'/minecraft:the_end
[23:24:18] [Server thread/INFO]: [ChunkHolderManager] Waiting 60s for chunk system to halt for world 'world_the_end'
[23:24:18] [Server thread/INFO]: [ChunkHolderManager] Halted chunk system for world 'world_the_end'
[23:24:18] [Server thread/INFO]: [ChunkHolderManager] Saving all chunkholders for world 'world_the_end'
[23:24:18] [Server thread/INFO]: [ChunkHolderManager] Saved 49 block chunks, 49 entity chunks, 0 poi chunks in world 'world_the_end' in 0,04s
[23:24:18] [Server thread/INFO]: ThreadedAnvilChunkStorage (world): All chunks are saved
[23:24:18] [Server thread/INFO]: ThreadedAnvilChunkStorage (DIM-1): All chunks are saved
[23:24:18] [Server thread/INFO]: ThreadedAnvilChunkStorage (DIM1): All chunks are saved
[23:24:18] [Server thread/INFO]: ThreadedAnvilChunkStorage: All dimensions are saved
